DEPRECATION WARNING: config.action_view.debug_rjs will be removed in 3.1, from 3.1 onwards you will need to install prototype-rails to continue to use RJS templates . (called from service at /usr/local/lib/ruby/1.9.1/webrick/httpserver.rb:111)
DEPRECATION WARNING: config.action_view.debug_rjs will be removed in 3.1, from 3.1 onwards you will need to install prototype-rails to continue to use RJS templates . (called from service at /usr/local/lib/ruby/1.9.1/webrick/httpserver.rb:111)


Started GET "/" for 127.0.0.1 at 2011-08-24 22:49:14 -0400
  Processing by LandingController#index as HTML
Rendered landing/index.html.erb within layouts/application (13.7ms)
Completed 200 OK in 35ms (Views: 34.6ms)


Started GET "/" for 127.0.0.1 at 2011-08-24 22:49:15 -0400
  Processing by LandingController#index as 
Rendered landing/index.html.erb within layouts/application (2.8ms)
Completed 200 OK in 27ms (Views: 27.0ms)


Started GET "/" for 127.0.0.1 at 2011-08-24 22:49:50 -0400
  Processing by LandingController#index as HTML
Rendered landing/index.html.erb within layouts/application (2.9ms)
Completed 200 OK in 12ms (Views: 11.3ms)


Started GET "/" for 127.0.0.1 at 2011-08-24 22:49:50 -0400
  Processing by LandingController#index as 
Rendered landing/index.html.erb within layouts/application (4.4ms)
Completed 200 OK in 31ms (Views: 30.3ms)


Started GET "/" for 127.0.0.1 at 2011-08-24 22:50:28 -0400
  Processing by LandingController#index as HTML
Rendered landing/index.html.erb within layouts/application (2.6ms)
Completed 200 OK in 10ms (Views: 9.5ms)


Started GET "/" for 127.0.0.1 at 2011-08-24 22:50:28 -0400
  Processing by LandingController#index as 
Rendered landing/index.html.erb within layouts/application (3.2ms)
Completed 200 OK in 36ms (Views: 35.7ms)
DEPRECATION WARNING: config.action_view.debug_rjs will be removed in 3.1, from 3.1 onwards you will need to install prototype-rails to continue to use RJS templates . (called from service at /usr/local/lib/ruby/1.9.1/webrick/httpserver.rb:111)


Started GET "/" for 127.0.0.1 at 2011-08-26 10:57:56 -0400
  Processing by LandingController#index as HTML
Rendered landing/index.html.erb within layouts/application (2.7ms)
Completed 200 OK in 26ms (Views: 25.7ms)


Started GET "/" for 127.0.0.1 at 2011-08-26 10:57:56 -0400
  Processing by LandingController#index as 
Rendered landing/index.html.erb within layouts/application (2.7ms)
Completed 200 OK in 31ms (Views: 30.6ms)


Started GET "/" for 127.0.0.1 at 2011-08-26 10:58:21 -0400
  Processing by LandingController#index as HTML
Rendered landing/index.html.erb within layouts/application (2.1ms)
Completed 200 OK in 8ms (Views: 7.9ms)


Started GET "/" for 127.0.0.1 at 2011-08-26 10:58:22 -0400
  Processing by LandingController#index as 
Rendered landing/index.html.erb within layouts/application (2.8ms)
Completed 200 OK in 27ms (Views: 26.3ms)


Started GET "/" for 127.0.0.1 at 2011-08-26 10:59:05 -0400
  Processing by LandingController#index as HTML
Rendered landing/index.html.erb within layouts/application (2.5ms)
Completed 200 OK in 9ms (Views: 8.8ms)


Started GET "/" for 127.0.0.1 at 2011-08-26 10:59:05 -0400
  Processing by LandingController#index as 
Rendered landing/index.html.erb within layouts/application (3.1ms)
Completed 200 OK in 26ms (Views: 25.6ms)


Started GET "/" for 127.0.0.1 at 2011-08-26 11:01:18 -0400
  Processing by LandingController#index as HTML
Rendered landing/index.html.erb within layouts/application (2.2ms)
Completed 200 OK in 8ms (Views: 8.1ms)


Started GET "/" for 127.0.0.1 at 2011-08-26 11:01:19 -0400
  Processing by LandingController#index as 
Rendered landing/index.html.erb within layouts/application (5.7ms)
Completed 200 OK in 26ms (Views: 25.4ms)


Started GET "/" for 127.0.0.1 at 2011-08-26 11:01:56 -0400
  Processing by LandingController#index as HTML
Rendered landing/index.html.erb within layouts/application (2.4ms)
Completed 200 OK in 9ms (Views: 8.3ms)


Started GET "/" for 127.0.0.1 at 2011-08-26 11:01:56 -0400
  Processing by LandingController#index as 
Rendered landing/index.html.erb within layouts/application (2.4ms)
Completed 200 OK in 23ms (Views: 23.1ms)


Started GET "/" for 127.0.0.1 at 2011-08-26 11:02:52 -0400
  Processing by LandingController#index as HTML
Rendered landing/index.html.erb within layouts/application (2.3ms)
Completed 200 OK in 9ms (Views: 8.5ms)


Started GET "/" for 127.0.0.1 at 2011-08-26 11:02:52 -0400
  Processing by LandingController#index as 
Rendered landing/index.html.erb within layouts/application (2.3ms)
Completed 200 OK in 23ms (Views: 22.9ms)


Started GET "/" for 127.0.0.1 at 2011-08-26 11:03:08 -0400
  Processing by LandingController#index as HTML
Rendered landing/index.html.erb within layouts/application (2.4ms)
Completed 200 OK in 9ms (Views: 9.0ms)


Started GET "/" for 127.0.0.1 at 2011-08-26 11:03:09 -0400
  Processing by LandingController#index as 
Rendered landing/index.html.erb within layouts/application (2.8ms)
Completed 200 OK in 32ms (Views: 31.5ms)


Started GET "/" for 127.0.0.1 at 2011-08-26 11:03:25 -0400
  Processing by LandingController#index as HTML
Rendered landing/index.html.erb within layouts/application (2.3ms)
Completed 200 OK in 9ms (Views: 9.1ms)


Started GET "/" for 127.0.0.1 at 2011-08-26 11:03:25 -0400
  Processing by LandingController#index as 
Rendered landing/index.html.erb within layouts/application (5.6ms)
Completed 200 OK in 24ms (Views: 24.1ms)


Started GET "/" for 127.0.0.1 at 2011-08-26 11:03:36 -0400
  Processing by LandingController#index as HTML
Rendered landing/index.html.erb within layouts/application (2.2ms)
Completed 200 OK in 9ms (Views: 8.7ms)


Started GET "/" for 127.0.0.1 at 2011-08-26 11:03:37 -0400
  Processing by LandingController#index as 
Rendered landing/index.html.erb within layouts/application (2.6ms)
Completed 200 OK in 28ms (Views: 24.5ms)


Started GET "/" for 127.0.0.1 at 2011-08-26 11:03:49 -0400
  Processing by LandingController#index as HTML
Rendered landing/index.html.erb within layouts/application (2.3ms)
Completed 200 OK in 9ms (Views: 8.7ms)


Started GET "/" for 127.0.0.1 at 2011-08-26 11:03:49 -0400
  Processing by LandingController#index as 
Rendered landing/index.html.erb within layouts/application (3.0ms)
Completed 200 OK in 29ms (Views: 28.4ms)


Started GET "/" for 127.0.0.1 at 2011-08-26 11:03:56 -0400
  Processing by LandingController#index as HTML
Rendered landing/index.html.erb within layouts/application (2.1ms)
Completed 200 OK in 8ms (Views: 8.0ms)


Started GET "/" for 127.0.0.1 at 2011-08-26 11:03:57 -0400
  Processing by LandingController#index as 
Rendered landing/index.html.erb within layouts/application (2.4ms)
Completed 200 OK in 37ms (Views: 36.3ms)


Started GET "/" for 127.0.0.1 at 2011-08-26 11:11:52 -0400
  Processing by LandingController#index as HTML
Rendered landing/index.html.erb within layouts/application (2.5ms)
Completed 200 OK in 9ms (Views: 8.4ms)


Started GET "/" for 127.0.0.1 at 2011-08-26 11:11:52 -0400
  Processing by LandingController#index as 
Rendered landing/index.html.erb within layouts/application (2.4ms)
Completed 200 OK in 29ms (Views: 28.9ms)


Started GET "/" for 127.0.0.1 at 2011-08-26 11:12:03 -0400
  Processing by LandingController#index as HTML
Rendered landing/index.html.erb within layouts/application (2.2ms)
Completed 200 OK in 9ms (Views: 8.2ms)


Started GET "/" for 127.0.0.1 at 2011-08-26 11:12:03 -0400
  Processing by LandingController#index as 
Rendered landing/index.html.erb within layouts/application (2.6ms)
Completed 200 OK in 35ms (Views: 34.1ms)


Started GET "/" for 127.0.0.1 at 2011-08-26 11:12:18 -0400
  Processing by LandingController#index as HTML
Rendered landing/index.html.erb within layouts/application (2.2ms)
Completed 200 OK in 8ms (Views: 8.0ms)


Started GET "/" for 127.0.0.1 at 2011-08-26 11:12:18 -0400
  Processing by LandingController#index as 
Rendered landing/index.html.erb within layouts/application (2.4ms)
Completed 200 OK in 22ms (Views: 21.3ms)


Started GET "/" for 127.0.0.1 at 2011-08-26 11:12:33 -0400
  Processing by LandingController#index as HTML
Rendered landing/index.html.erb within layouts/application (2.2ms)
Completed 200 OK in 9ms (Views: 8.6ms)


Started GET "/" for 127.0.0.1 at 2011-08-26 11:12:33 -0400
  Processing by LandingController#index as 
Rendered landing/index.html.erb within layouts/application (2.6ms)
Completed 200 OK in 26ms (Views: 25.4ms)


Started GET "/" for 127.0.0.1 at 2011-08-26 11:13:39 -0400
  Processing by LandingController#index as HTML
Rendered landing/index.html.erb within layouts/application (2.2ms)
Completed 200 OK in 9ms (Views: 8.2ms)


Started GET "/" for 127.0.0.1 at 2011-08-26 11:13:39 -0400
  Processing by LandingController#index as 
Rendered landing/index.html.erb within layouts/application (2.3ms)
Completed 200 OK in 22ms (Views: 21.7ms)


Started GET "/" for 127.0.0.1 at 2011-08-26 11:14:27 -0400
  Processing by LandingController#index as HTML
Rendered landing/index.html.erb within layouts/application (2.6ms)
Completed 200 OK in 9ms (Views: 8.5ms)


Started GET "/" for 127.0.0.1 at 2011-08-26 11:14:27 -0400
  Processing by LandingController#index as 
Rendered landing/index.html.erb within layouts/application (2.7ms)
Completed 200 OK in 22ms (Views: 21.5ms)


Started GET "/" for 127.0.0.1 at 2011-08-26 11:15:15 -0400
  Processing by LandingController#index as HTML
Rendered landing/index.html.erb within layouts/application (2.3ms)
Completed 200 OK in 9ms (Views: 8.4ms)


Started GET "/" for 127.0.0.1 at 2011-08-26 11:15:15 -0400
  Processing by LandingController#index as 
Rendered landing/index.html.erb within layouts/application (2.6ms)
Completed 200 OK in 25ms (Views: 25.0ms)
DEPRECATION WARNING: config.action_view.debug_rjs will be removed in 3.1, from 3.1 onwards you will need to install prototype-rails to continue to use RJS templates . (called from service at /usr/local/lib/ruby/1.9.1/webrick/httpserver.rb:111)


Started GET "/" for 127.0.0.1 at 2011-08-26 19:54:39 -0400
  Processing by LandingController#index as HTML
Rendered landing/index.html.erb within layouts/application (2.8ms)
Completed 200 OK in 39ms (Views: 39.0ms)


Started GET "/" for 127.0.0.1 at 2011-08-26 19:54:40 -0400
  Processing by LandingController#index as 
Rendered landing/index.html.erb within layouts/application (2.8ms)
Completed 200 OK in 30ms (Views: 29.3ms)
